sinch-rtc-sample-pstn/build/outputs/logs/manifest-merger-debug-report.txt
-- Merging decision tree log ---
manifest
ADDED from samples\sinch-rtc-sample-pstn\AndroidManifest.xml:2:1-38:12
INJECTED from samples\sinch-rtc-sample-pstn\AndroidManifest.xml:2:1-38:12
INJECTED from samples\sinch-rtc-sample-pstn\AndroidManifest.xml:2:1-38:12
INJECTED from samples\sinch-rtc-sample-pstn\AndroidManifest.xml:2:1-38:12
MERGED from [:sinch-android-rtc:3.17.4] AndroidManifest.xml:2:1-17:12
MERGED from [androidx.appcompat:appcompat:1.1.0] AndroidManifest.xml:17:1-24:12
MERGED from [androidx.fragment:fragment:1.1.0] AndroidManifest.xml:17:1-24:12
MERGED from [androidx.appcompat:appcompat-resources:1.1.0] AndroidManifest.xml:17:1-24:12
MERGED from [androidx.drawerlayout:drawerlayout:1.0.0] AndroidManifest.xml:17:1-22:12
MERGED from [androidx.viewpager:viewpager:1.0.0] AndroidManifest.xml:17:1-22:12
MERGED from [androidx.loader:loader:1.0.0] AndroidManifest.xml:17:1-22:12
MERGED from [androidx.activity:activity:1.0.0] AndroidManifest.xml:17:1-24:12
MERGED from [androidx.vectordrawable:vectordrawable-animated:1.1.0] AndroidManifest.xml:17:1-24:12
MERGED from [androidx.vectordrawable:vectordrawable:1.1.0] AndroidManifest.xml:17:1-24:12
MERGED from [androidx.customview:customview:1.0.0] AndroidManifest.xml:17:1-22:12
MERGED from [androidx.core:core:1.1.0] AndroidManifest.xml:17:1-26:12
MERGED from [androidx.cursoradapter:cursoradapter:1.0.0] AndroidManifest.xml:17:1-22:12
MERGED from [androidx.versionedparcelable:versionedparcelable:1.1.0] AndroidManifest.xml:17:1-27:12
MERGED from [androidx.lifecycle:lifecycle-runtime:2.1.0] AndroidManifest.xml:17:1-22:12
MERGED from [androidx.lifecycle:lifecycle-viewmodel:2.1.0] AndroidManifest.xml:17:1-22:12
MERGED from [androidx.savedstate:savedstate:1.0.0] AndroidManifest.xml:17:1-24:12
MERGED from [androidx.interpolator:interpolator:1.0.0] AndroidManifest.xml:17:1-22:12
MERGED from [androidx.lifecycle:lifecycle-livedata:2.0.0] AndroidManifest.xml:17:1-22:12
MERGED from [androidx.lifecycle:lifecycle-livedata-core:2.0.0] AndroidManifest.xml:17:1-22:12
MERGED from [androidx.arch.core:core-runtime:2.0.0] AndroidManifest.xml:17:1-22:12
INJECTED from samples\sinch-rtc-sample-pstn\AndroidManifest.xml:2:1-38:12
INJECTED from samples\sinch-rtc-sample-pstn\AndroidManifest.xml:2:1-38:12
INJECTED from samples\sinch-rtc-sample-pstn\AndroidManifest.xml:2:1-38:12
	package
		ADDED from samples\sinch-rtc-sample-pstn\AndroidManifest.xml:3:11-54
		INJECTED from samples\sinch-rtc-sample-pstn\AndroidManifest.xml
		INJECTED from samples\sinch-rtc-sample-pstn\AndroidManifest.xml
	android:versionName
		ADDED from samples\sinch-rtc-sample-pstn\AndroidManifest.xml:5:11-36
		INJECTED from samples\sinch-rtc-sample-pstn\AndroidManifest.xml
		INJECTED from samples\sinch-rtc-sample-pstn\AndroidManifest.xml
	xmlns:android
		ADDED from samples\sinch-rtc-sample-pstn\AndroidManifest.xml:2:11-69
	android:versionCode
		ADDED from samples\sinch-rtc-sample-pstn\AndroidManifest.xml:4:11-34
		INJECTED from samples\sinch-rtc-sample-pstn\AndroidManifest.xml
		INJECTED from samples\sinch-rtc-sample-pstn\AndroidManifest.xml
uses-feature#android.hardware.microphone
ADDED from samples\sinch-rtc-sample-pstn\AndroidManifest.xml:7:5-9:39
	android:required
		ADDED from samples\sinch-rtc-sample-pstn\AndroidManifest.xml:9:13-37
	android:name
		ADDED from samples\sinch-rtc-sample-pstn\AndroidManifest.xml:8:13-55
uses-permission#android.permission.INTERNET
ADDED from samples\sinch-rtc-sample-pstn\AndroidManifest.xml:11:5-66
	android:name
		ADDED from samples\sinch-rtc-sample-pstn\AndroidManifest.xml:11:22-64
uses-permission#android.permission.RECORD_AUDIO
ADDED from samples\sinch-rtc-sample-pstn\AndroidManifest.xml:12:5-70
	android:name
		ADDED from samples\sinch-rtc-sample-pstn\AndroidManifest.xml:12:22-68
uses-permission#android.permission.MODIFY_AUDIO_SETTINGS
ADDED from samples\sinch-rtc-sample-pstn\AndroidManifest.xml:13:5-79
	android:name
		ADDED from samples\sinch-rtc-sample-pstn\AndroidManifest.xml:13:22-77
uses-permission#android.permission.READ_PHONE_STATE
ADDED from samples\sinch-rtc-sample-pstn\AndroidManifest.xml:14:5-74
	android:name
		ADDED from samples\sinch-rtc-sample-pstn\AndroidManifest.xml:14:22-72
uses-permission#android.permission.ACCESS_NETWORK_STATE
ADDED from samples\sinch-rtc-sample-pstn\AndroidManifest.xml:15:5-78
	android:name
		ADDED from samples\sinch-rtc-sample-pstn\AndroidManifest.xml:15:22-76
application
ADDED from samples\sinch-rtc-sample-pstn\AndroidManifest.xml:17:5-36:19
MERGED from [:sinch-android-rtc:3.17.4] AndroidManifest.xml:9:5-15:19
MERGED from [:sinch-android-rtc:3.17.4] AndroidManifest.xml:9:5-15:19
MERGED from [androidx.core:core:1.1.0] AndroidManifest.xml:24:5-89
MERGED from [androidx.core:core:1.1.0] AndroidManifest.xml:24:5-89
MERGED from [androidx.versionedparcelable:versionedparcelable:1.1.0] AndroidManifest.xml:24:5-25:19
MERGED from [androidx.versionedparcelable:versionedparcelable:1.1.0] AndroidManifest.xml:24:5-25:19
	android:appComponentFactory
		ADDED from [androidx.core:core:1.1.0] AndroidManifest.xml:24:18-86
	android:label
		ADDED from samples\sinch-rtc-sample-pstn\AndroidManifest.xml:20:13-45
	android:icon
		ADDED from samples\sinch-rtc-sample-pstn\AndroidManifest.xml:19:13-42
	android:allowBackup
		ADDED from samples\sinch-rtc-sample-pstn\AndroidManifest.xml:18:13-39
	android:theme
		ADDED from samples\sinch-rtc-sample-pstn\AndroidManifest.xml:21:13-44
service#com.sinch.android.rtc.sample.pstn.SinchService
ADDED from samples\sinch-rtc-sample-pstn\AndroidManifest.xml:22:9-57
	android:name
		ADDED from samples\sinch-rtc-sample-pstn\AndroidManifest.xml:22:18-46
activity#com.sinch.android.rtc.sample.pstn.LoginActivity
ADDED from samples\sinch-rtc-sample-pstn\AndroidManifest.xml:23:9-32:20
	android:screenOrientation
		ADDED from samples\sinch-rtc-sample-pstn\AndroidManifest.xml:26:17-53
	android:label
		ADDED from samples\sinch-rtc-sample-pstn\AndroidManifest.xml:25:17-49
	android:name
		ADDED from samples\sinch-rtc-sample-pstn\AndroidManifest.xml:24:17-79
intent-filter#action:name:android.intent.action.MAIN+category:name:android.intent.category.LAUNCHER
ADDED from samples\sinch-rtc-sample-pstn\AndroidManifest.xml:27:13-31:29
action#android.intent.action.MAIN
ADDED from samples\sinch-rtc-sample-pstn\AndroidManifest.xml:28:17-68
	android:name
		ADDED from samples\sinch-rtc-sample-pstn\AndroidManifest.xml:28:25-66
category#android.intent.category.LAUNCHER
ADDED from samples\sinch-rtc-sample-pstn\AndroidManifest.xml:30:17-76
	android:name
		ADDED from samples\sinch-rtc-sample-pstn\AndroidManifest.xml:30:27-74
activity#com.sinch.android.rtc.sample.pstn.CallScreenActivity
ADDED from samples\sinch-rtc-sample-pstn\AndroidManifest.xml:33:9-125
	android:screenOrientation
		ADDED from samples\sinch-rtc-sample-pstn\AndroidManifest.xml:33:87-123
	android:name
		ADDED from samples\sinch-rtc-sample-pstn\AndroidManifest.xml:33:19-86
activity#com.sinch.android.rtc.sample.pstn.PlaceCallActivity
ADDED from samples\sinch-rtc-sample-pstn\AndroidManifest.xml:34:9-35:57
	android:screenOrientation
		ADDED from samples\sinch-rtc-sample-pstn\AndroidManifest.xml:35:19-55
	android:name
		ADDED from samples\sinch-rtc-sample-pstn\AndroidManifest.xml:34:19-85
uses-sdk
INJECTED from samples\sinch-rtc-sample-pstn\AndroidManifest.xml reason: use-sdk injection requested
INJECTED from samples\sinch-rtc-sample-pstn\AndroidManifest.xml
INJECTED from samples\sinch-rtc-sample-pstn\AndroidManifest.xml
MERGED from [:sinch-android-rtc:3.17.4] AndroidManifest.xml:7:5-44
MERGED from [:sinch-android-rtc:3.17.4] AndroidManifest.xml:7:5-44
MERGED from [androidx.appcompat:appcompat:1.1.0] AndroidManifest.xml:20:5-22:41
MERGED from [androidx.appcompat:appcompat:1.1.0] AndroidManifest.xml:20:5-22:41
MERGED from [androidx.fragment:fragment:1.1.0] AndroidManifest.xml:20:5-22:41
MERGED from [androidx.fragment:fragment:1.1.0] AndroidManifest.xml:20:5-22:41
MERGED from [androidx.appcompat:appcompat-resources:1.1.0] AndroidManifest.xml:20:5-22:41
MERGED from [androidx.appcompat:appcompat-resources:1.1.0] AndroidManifest.xml:20:5-22:41
MERGED from [androidx.drawerlayout:drawerlayout:1.0.0] AndroidManifest.xml:20:5-44
MERGED from [androidx.drawerlayout:drawerlayout:1.0.0] AndroidManifest.xml:20:5-44
MERGED from [androidx.viewpager:viewpager:1.0.0] AndroidManifest.xml:20:5-44
MERGED from [androidx.viewpager:viewpager:1.0.0] AndroidManifest.xml:20:5-44
MERGED from [androidx.loader:loader:1.0.0] AndroidManifest.xml:20:5-44
MERGED from [androidx.loader:loader:1.0.0] AndroidManifest.xml:20:5-44
MERGED from [androidx.activity:activity:1.0.0] AndroidManifest.xml:20:5-22:41
MERGED from [androidx.activity:activity:1.0.0] AndroidManifest.xml:20:5-22:41
MERGED from [androidx.vectordrawable:vectordrawable-animated:1.1.0] AndroidManifest.xml:20:5-22:41
MERGED from [androidx.vectordrawable:vectordrawable-animated:1.1.0] AndroidManifest.xml:20:5-22:41
MERGED from [androidx.vectordrawable:vectordrawable:1.1.0] AndroidManifest.xml:20:5-22:41
MERGED from [androidx.vectordrawable:vectordrawable:1.1.0] AndroidManifest.xml:20:5-22:41
MERGED from [androidx.customview:customview:1.0.0] AndroidManifest.xml:20:5-44
MERGED from [androidx.customview:customview:1.0.0] AndroidManifest.xml:20:5-44
MERGED from [androidx.core:core:1.1.0] AndroidManifest.xml:20:5-22:41
MERGED from [androidx.core:core:1.1.0] AndroidManifest.xml:20:5-22:41
MERGED from [androidx.cursoradapter:cursoradapter:1.0.0] AndroidManifest.xml:20:5-44
MERGED from [androidx.cursoradapter:cursoradapter:1.0.0] AndroidManifest.xml:20:5-44
MERGED from [androidx.versionedparcelable:versionedparcelable:1.1.0] AndroidManifest.xml:20:5-22:41
MERGED from [androidx.versionedparcelable:versionedparcelable:1.1.0] AndroidManifest.xml:20:5-22:41
MERGED from [androidx.lifecycle:lifecycle-runtime:2.1.0] AndroidManifest.xml:20:5-44
MERGED from [androidx.lifecycle:lifecycle-runtime:2.1.0] AndroidManifest.xml:20:5-44
MERGED from [androidx.lifecycle:lifecycle-viewmodel:2.1.0] AndroidManifest.xml:20:5-44
MERGED from [androidx.lifecycle:lifecycle-viewmodel:2.1.0] AndroidManifest.xml:20:5-44
MERGED from [androidx.savedstate:savedstate:1.0.0] AndroidManifest.xml:20:5-22:41
MERGED from [androidx.savedstate:savedstate:1.0.0] AndroidManifest.xml:20:5-22:41
MERGED from [androidx.interpolator:interpolator:1.0.0] AndroidManifest.xml:20:5-44
MERGED from [androidx.interpolator:interpolator:1.0.0] AndroidManifest.xml:20:5-44
MERGED from [androidx.lifecycle:lifecycle-livedata:2.0.0] AndroidManifest.xml:20:5-44
MERGED from [androidx.lifecycle:lifecycle-livedata:2.0.0] AndroidManifest.xml:20:5-44
MERGED from [androidx.lifecycle:lifecycle-livedata-core:2.0.0] AndroidManifest.xml:20:5-44
MERGED from [androidx.lifecycle:lifecycle-livedata-core:2.0.0] AndroidManifest.xml:20:5-44
MERGED from [androidx.arch.core:core-runtime:2.0.0] AndroidManifest.xml:20:5-44
MERGED from [androidx.arch.core:core-runtime:2.0.0] AndroidManifest.xml:20:5-44
INJECTED from samples\sinch-rtc-sample-pstn\AndroidManifest.xml
INJECTED from samples\sinch-rtc-sample-pstn\AndroidManifest.xml
	android:targetSdkVersion
		INJECTED from samples\sinch-rtc-sample-pstn\AndroidManifest.xml
		ADDED from samples\sinch-rtc-sample-pstn\AndroidManifest.xml
		INJECTED from samples\sinch-rtc-sample-pstn\AndroidManifest.xml
	android:minSdkVersion
		INJECTED from samples\sinch-rtc-sample-pstn\AndroidManifest.xml
		ADDED from samples\sinch-rtc-sample-pstn\AndroidManifest.xml
		INJECTED from samples\sinch-rtc-sample-pstn\AndroidManifest.xml
service#com.sinch.android.rtc.internal.client.fcm.InstanceIDTokenService
ADDED from [:sinch-android-rtc:3.17.4] AndroidManifest.xml:10:9-14:19
	android:name
		ADDED from [:sinch-android-rtc:3.17.4] AndroidManifest.xml:10:18-97
intent-filter#action:name:com.google.firebase.INSTANCE_ID_EVENT
ADDED from [:sinch-android-rtc:3.17.4] AndroidManifest.xml:11:13-13:29
action#com.google.firebase.INSTANCE_ID_EVENT
ADDED from [:sinch-android-rtc:3.17.4] AndroidManifest.xml:12:17-80
	android:name
		ADDED from [:sinch-android-rtc:3.17.4] AndroidManifest.xml:12:25-77